0 info it worked if it ends with ok
1 verbose cli [ '/usr/local/bin/node',
1 verbose cli   '/usr/local/bin/npm',
1 verbose cli   'install',
1 verbose cli   'karma' ]
2 info using npm@1.4.14
3 info using node@v0.10.29
4 warn package.json ionic-project@1.0.0 No repository field.
5 warn package.json url@0.10.1 url is also the name of a node core module.
6 warn package.json querystring@0.2.0 querystring is also the name of a node core module.
7 verbose readDependencies using package.json deps
8 verbose cache add [ 'karma', null ]
9 verbose cache add name=undefined spec="karma" args=["karma",null]
10 verbose parsed url { protocol: null,
10 verbose parsed url   slashes: null,
10 verbose parsed url   auth: null,
10 verbose parsed url   host: null,
10 verbose parsed url   port: null,
10 verbose parsed url   hostname: null,
10 verbose parsed url   hash: null,
10 verbose parsed url   search: null,
10 verbose parsed url   query: null,
10 verbose parsed url   pathname: 'karma',
10 verbose parsed url   path: 'karma',
10 verbose parsed url   href: 'karma' }
11 silly lockFile 512423cb-karma karma
12 verbose lock karma /Users/albreybrown/.npm/512423cb-karma.lock
13 silly lockFile 512423cb-karma karma
14 silly lockFile 512423cb-karma karma
15 verbose addNamed [ 'karma', '' ]
16 verbose addNamed [ null, '*' ]
17 silly lockFile cd7961bb-karma karma@
18 verbose lock karma@ /Users/albreybrown/.npm/cd7961bb-karma.lock
19 silly addNameRange { name: 'karma', range: '*', hasData: false }
20 verbose url raw karma
21 verbose url resolving [ 'https://registry.npmjs.org/', './karma' ]
22 verbose url resolved https://registry.npmjs.org/karma
23 info trying registry request attempt 1 at 16:08:09
24 http GET https://registry.npmjs.org/karma
25 info retry will retry, error on last attempt: Error: connect ETIMEDOUT
26 info trying registry request attempt 2 at 16:09:35
27 http GET https://registry.npmjs.org/karma
28 info retry will retry, error on last attempt: Error: connect ETIMEDOUT
29 info trying registry request attempt 3 at 16:11:51
30 http GET https://registry.npmjs.org/karma
31 silly lockFile cd7961bb-karma karma@
32 silly lockFile cd7961bb-karma karma@
33 error network connect ETIMEDOUT
33 error network This is most likely not a problem with npm itself
33 error network and is related to network connectivity.
33 error network In most cases you are behind a proxy or have bad network settings.
33 error network
33 error network If you are behind a proxy, please make sure that the
33 error network 'proxy' config is set properly.  See: 'npm help config'
34 error System Darwin 11.4.2
35 error command "/usr/local/bin/node" "/usr/local/bin/npm" "install" "karma"
36 error cwd /Users/albreybrown/Desktop/AllThingsCode/Projects/ice-client
37 error node -v v0.10.29
38 error npm -v 1.4.14
39 error syscall connect
40 error code ETIMEDOUT
41 error errno ETIMEDOUT
42 verbose exit [ 1, true ]
